
ROM used:   1845/16384 (11%)
            1845/16384 (11%) including unused fragments

            0.4 Average locations per line
            2.4 Average locations per statement

RAM used:   414/1024 (40%) at main() level
            511/1024 (50%) worst case

Stack used: 3 worst case (3 in main + 0 for interrupts)
Stack size: 16

Lines Stmts  %   Files
----- ----- ---  -----
   45    14   2  MCP4725_DAC_16f1938.c
   12     0   0  MCP4725_DAC_16f1938.h
 1007     0   0  ..\..\..\..\Program Files (x86)\PICC\devices\16F1938.h
 2227   257  34  ..\..\..\..\Program Files (x86)\PICC\drivers\math.h
 1351   359  47  ..\..\..\..\Program Files (x86)\PICC\drivers\stdlib.h
   32     0   0  ..\..\..\..\Program Files (x86)\PICC\drivers\stddef.h
  435   129  17  ..\..\..\..\Program Files (x86)\PICC\drivers\string.h
   28     0   0  ..\..\..\..\Program Files (x86)\PICC\drivers\ctype.h
----- -----
 5137   759 Total

Page ROM  %  RAM    Vol Diff  Functions:
---- --- --- ---    --- ----  ----------
 Inline         1             @delay_ms1
0     56   3    1             @I2C_WRITE_1
 Inline        10             @FLT
 Inline         4             @SFTOI
0     31   2    2             @ITOF
0    119   6   13             @MULFF
0    327  18   16             @ADDFF
 Inline        14             @DIVFF
 Inline        46   1146  9.9  cos
 Inline         8     44  1.9  sin
0     80   4    4    172  2.7  dac_yazdir
0   1177  64    8    208  4.7  sinus_hesapla
 Inline         5             @FTOSD
0     52   3    2     54  1.8  MAIN
 Inline         0             @cinit1

Program metrics:
    Functions               5
    Statements              759
    Comments                1213
    Volume (V)              2113
    Difficulty (D)          20.4
    Effort to implement (E) 43087
    Time to implement (T)   40 minutes
    Est Delivered Bugs (B)  0
    Cyclomatic Complexity   6
    Maintainability (MI)    16

 Segment     Used  Free
-----------  ----  ----
00000-00002     3  0  
00003-007FF  1842  203  
00800-00FFF     0  2048  
01000-017FF     0  2048  
01800-01FFF     0  2048  
02000-027FF     0  2048  
02800-02FFF     0  2048  
03000-037FF     0  2048  
03800-03FFF     0  2048  



